2025-06-04 15:56:04,319 - INFO - Configuration loaded successfully
2025-06-04 15:56:04,321 - INFO - Configuration loaded successfully
2025-06-04 15:56:04,334 - ERROR - Error loading employee data: Missing required columns: ['empid', 'first_name', 'second_name', 'dob', 'department']
2025-06-04 15:56:04,341 - INFO - Configuration loaded successfully
2025-06-04 15:56:04,363 - INFO - Loaded 5 employee records
2025-06-04 15:56:04,368 - INFO - Configuration loaded successfully
2025-06-04 15:56:04,370 - INFO - Configuration loaded successfully
2025-06-04 15:56:04,371 - ERROR - Error loading employee data: CSV file not found: nonexistent.csv
2025-06-04 15:56:04,376 - INFO - Configuration loaded successfully
2025-06-04 15:56:04,380 - INFO - Loaded 5 employee records
2025-06-04 15:56:04,380 - INFO - Found 1 employees with birthdays on 2025-06-05
2025-06-04 15:56:04,386 - INFO - Configuration loaded successfully
2025-06-04 15:56:04,391 - INFO - Loaded 5 employee records
2025-06-04 15:56:04,391 - INFO - Found 2 employees with birthdays on 2025-06-04
2025-06-04 15:56:04,395 - INFO - Configuration loaded successfully
2025-06-04 15:56:04,410 - INFO - Fonts loaded successfully
2025-06-04 15:56:04,466 - INFO - Base birthday image created successfully
2025-06-04 15:56:04,472 - INFO - Configuration loaded successfully
2025-06-04 15:56:04,476 - INFO - Fonts loaded successfully
2025-06-04 15:56:04,490 - INFO - Base birthday image created successfully
2025-06-04 15:56:04,495 - INFO - Configuration loaded successfully
2025-06-04 15:56:04,501 - INFO - Fonts loaded successfully
2025-06-04 15:56:04,505 - INFO - Configuration loaded successfully
2025-06-04 15:56:04,509 - INFO - Configuration loaded successfully
2025-06-04 15:56:04,513 - INFO - Fonts loaded successfully
2025-06-04 15:56:04,528 - INFO - Base birthday image created successfully
2025-06-04 15:56:04,547 - INFO - Birthday email sent successfully to Alice Test (alice@test.com)
2025-06-04 15:56:04,553 - INFO - Configuration loaded successfully
2025-06-04 15:56:04,557 - INFO - Fonts loaded successfully
2025-06-04 15:56:04,573 - INFO - Base birthday image created successfully
2025-06-04 15:56:04,588 - INFO - Image saved: C:\Users\ADMINI~1\AppData\Local\Temp\tmpuvtkax3g\output\birthday_TEST001_Alice_Test_20250604.png
2025-06-04 15:56:04,593 - INFO - Configuration loaded successfully
2025-06-04 15:56:04,593 - INFO - Starting birthday processing...
2025-06-04 15:56:04,596 - INFO - Loaded 5 employee records
2025-06-04 15:56:04,597 - INFO - Found 2 employees with birthdays on 2025-06-04
2025-06-04 15:56:04,597 - INFO - Creating base birthday image template...
2025-06-04 15:56:04,603 - INFO - Fonts loaded successfully
2025-06-04 15:56:04,619 - INFO - Base birthday image created successfully
2025-06-04 15:56:04,620 - INFO - Processing birthday for Alice Johnson (ID: EMP001, Dept: Engineering)
2025-06-04 15:56:04,647 - INFO - Image saved: C:\Users\ADMINI~1\AppData\Local\Temp\tmpov6iwtx8\output\birthday_EMP001_Alice_Johnson_20250604.png
2025-06-04 15:56:04,647 - INFO - Processing birthday for David Wilson (ID: EMP004, Dept: Engineering)
2025-06-04 15:56:04,676 - INFO - Image saved: C:\Users\ADMINI~1\AppData\Local\Temp\tmpov6iwtx8\output\birthday_EMP004_David_Wilson_20250604.png
2025-06-04 15:56:04,676 - INFO - Birthday processing completed. Results: {'processed': 2, 'successful': 2, 'failed': 0}
2025-06-04 15:56:04,680 - INFO - Configuration loaded successfully
2025-06-04 15:56:04,685 - INFO - Configuration loaded successfully
2025-06-04 15:56:04,685 - INFO - Starting birthday processing...
2025-06-04 15:56:04,702 - INFO - Loaded 1 employee records
2025-06-04 15:56:04,702 - INFO - Found 0 employees with birthdays on 2025-06-04
2025-06-04 15:56:04,703 - INFO - No birthdays today!
2025-06-04 15:56:04,705 - INFO - Configuration loaded successfully
2025-06-04 15:56:04,709 - INFO - Fonts loaded successfully
2025-06-04 15:56:04,724 - INFO - Base birthday image created successfully
2025-06-04 15:57:11,278 - INFO - Configuration loaded successfully
2025-06-04 15:57:11,279 - INFO - Starting birthday processing...
2025-06-04 15:57:11,296 - INFO - Loaded 8 employee records
2025-06-04 15:57:11,296 - INFO - Found 2 employees with birthdays on 2025-06-04
2025-06-04 15:57:11,296 - INFO - Creating base birthday image template...
2025-06-04 15:57:11,308 - INFO - Fonts loaded successfully
2025-06-04 15:57:11,345 - INFO - Base birthday image created successfully
2025-06-04 15:57:11,346 - INFO - Processing birthday for Alice Johnson (ID: EMP001, Dept: Engineering)
2025-06-04 15:57:11,372 - INFO - Image saved: output_img\birthday_EMP001_Alice_Johnson_20250604.png
2025-06-04 15:57:13,759 - ERROR - Error sending email to Alice Johnson: (535, b'5.7.8 Username and Password not accepted. For more information, go to\n5.7.8  https://support.google.com/mail/?p=BadCredentials d2e1a72fcca58-747affd4398sm11188948b3a.134 - gsmtp')
2025-06-04 15:57:13,759 - INFO - Processing birthday for Carol Davis (ID: EMP003, Dept: HR)
2025-06-04 15:57:13,789 - INFO - Image saved: output_img\birthday_EMP003_Carol_Davis_20250604.png
2025-06-04 15:57:15,884 - ERROR - Error sending email to Carol Davis: (535, b'5.7.8 Username and Password not accepted. For more information, go to\n5.7.8  https://support.google.com/mail/?p=BadCredentials d2e1a72fcca58-747afe96474sm10868580b3a.22 - gsmtp')
2025-06-04 15:57:15,884 - INFO - Birthday processing completed. Results: {'processed': 2, 'successful': 0, 'failed': 2}
2025-06-04 16:00:05,693 - INFO - Configuration loaded successfully
2025-06-04 16:00:05,693 - INFO - Starting birthday automation scheduler - will run daily at 09:00
2025-06-04 16:00:05,693 - INFO - Running initial birthday check...
2025-06-04 16:00:05,694 - INFO - Running daily birthday check...
2025-06-04 16:00:05,694 - INFO - Starting birthday processing...
2025-06-04 16:00:05,699 - INFO - Loaded 8 employee records
2025-06-04 16:00:05,699 - INFO - Found 2 employees with birthdays on 2025-06-04
2025-06-04 16:00:05,699 - INFO - Creating base birthday image template...
2025-06-04 16:00:05,712 - INFO - Fonts loaded successfully
2025-06-04 16:00:05,759 - INFO - Base birthday image created successfully
2025-06-04 16:00:05,759 - INFO - Processing birthday for Alice Johnson (ID: EMP001, Dept: Engineering)
2025-06-04 16:00:05,784 - INFO - Image saved: output_img\birthday_EMP001_Alice_Johnson_20250604.png
2025-06-04 16:00:11,118 - INFO - Birthday email sent successfully to Alice Johnson (alice.johnson@company.com)
2025-06-04 16:00:11,119 - INFO - Processing birthday for Carol Davis (ID: EMP003, Dept: HR)
2025-06-04 16:00:11,147 - INFO - Image saved: output_img\birthday_EMP003_Carol_Davis_20250604.png
2025-06-04 16:00:16,663 - INFO - Birthday email sent successfully to Carol Davis (carol.davis@company.com)
2025-06-04 16:00:16,664 - INFO - Birthday processing completed. Results: {'processed': 2, 'successful': 2, 'failed': 0}
2025-06-04 16:00:16,664 - INFO - Processed 2 birthdays - Successful: 2, Failed: 0
2025-06-04 16:12:33,264 - INFO - Configuration loaded successfully
2025-06-04 16:12:33,267 - INFO - Configuration loaded successfully
2025-06-04 16:12:33,271 - ERROR - Error loading employee data: Missing required columns: ['empid', 'first_name', 'second_name', 'dob', 'department']
2025-06-04 16:12:33,275 - INFO - Configuration loaded successfully
2025-06-04 16:12:33,280 - INFO - Loaded 5 employee records
2025-06-04 16:12:33,287 - INFO - Configuration loaded successfully
2025-06-04 16:12:33,288 - INFO - Configuration loaded successfully
2025-06-04 16:12:33,288 - ERROR - Error loading employee data: CSV file not found: nonexistent.csv
2025-06-04 16:12:33,293 - INFO - Configuration loaded successfully
2025-06-04 16:12:33,301 - INFO - Loaded 5 employee records
2025-06-04 16:12:33,301 - INFO - Found 1 employees with birthdays on 2025-06-05
2025-06-04 16:12:33,306 - INFO - Configuration loaded successfully
2025-06-04 16:12:33,311 - INFO - Loaded 5 employee records
2025-06-04 16:12:33,312 - INFO - Found 2 employees with birthdays on 2025-06-04
2025-06-04 16:12:33,318 - INFO - Configuration loaded successfully
2025-06-04 16:12:33,328 - INFO - Fonts loaded successfully
2025-06-04 16:12:33,391 - INFO - Base birthday image created successfully
2025-06-04 16:12:33,395 - INFO - Configuration loaded successfully
2025-06-04 16:12:33,400 - INFO - Fonts loaded successfully
2025-06-04 16:12:33,414 - INFO - Base birthday image created successfully
2025-06-04 16:12:33,421 - INFO - Configuration loaded successfully
2025-06-04 16:12:33,425 - INFO - Fonts loaded successfully
2025-06-04 16:12:33,428 - INFO - Configuration loaded successfully
2025-06-04 16:12:33,432 - INFO - Configuration loaded successfully
2025-06-04 16:12:33,438 - INFO - Fonts loaded successfully
2025-06-04 16:12:33,455 - INFO - Base birthday image created successfully
2025-06-04 16:12:33,475 - INFO - Birthday email sent successfully to Alice Test (alice@test.com)
2025-06-04 16:12:33,479 - INFO - Configuration loaded successfully
2025-06-04 16:12:33,485 - INFO - Fonts loaded successfully
2025-06-04 16:12:33,501 - INFO - Base birthday image created successfully
2025-06-04 16:12:33,517 - INFO - Image saved: C:\Users\ADMINI~1\AppData\Local\Temp\tmpi5t0s0zt\output\birthday_TEST001_Alice_Test_20250604.png
2025-06-04 16:12:33,522 - INFO - Configuration loaded successfully
2025-06-04 16:12:33,523 - INFO - Starting birthday processing...
2025-06-04 16:12:33,527 - INFO - Loaded 5 employee records
2025-06-04 16:12:33,527 - INFO - Found 2 employees with birthdays on 2025-06-04
2025-06-04 16:12:33,527 - INFO - Creating base birthday image template...
2025-06-04 16:12:33,531 - INFO - Fonts loaded successfully
2025-06-04 16:12:33,551 - INFO - Base birthday image created successfully
2025-06-04 16:12:33,552 - INFO - Processing birthday for Alice Johnson (ID: EMP001, Dept: Engineering)
2025-06-04 16:12:33,579 - INFO - Image saved: C:\Users\ADMINI~1\AppData\Local\Temp\tmpa3kpzzi0\output\birthday_EMP001_Alice_Johnson_20250604.png
2025-06-04 16:12:33,579 - INFO - Processing birthday for David Wilson (ID: EMP004, Dept: Engineering)
2025-06-04 16:12:33,607 - INFO - Image saved: C:\Users\ADMINI~1\AppData\Local\Temp\tmpa3kpzzi0\output\birthday_EMP004_David_Wilson_20250604.png
2025-06-04 16:12:33,608 - INFO - Birthday processing completed. Results: {'processed': 2, 'successful': 2, 'failed': 0}
2025-06-04 16:12:33,611 - INFO - Configuration loaded successfully
2025-06-04 16:12:33,613 - INFO - Configuration loaded successfully
2025-06-04 16:12:33,613 - INFO - Starting birthday processing...
2025-06-04 16:12:33,617 - INFO - Loaded 1 employee records
2025-06-04 16:12:33,617 - INFO - Found 0 employees with birthdays on 2025-06-04
2025-06-04 16:12:33,617 - INFO - No birthdays today!
2025-06-04 16:12:33,620 - INFO - Configuration loaded successfully
2025-06-04 16:12:33,624 - INFO - Fonts loaded successfully
2025-06-04 16:12:33,641 - INFO - Base birthday image created successfully
2025-06-04 16:17:56,678 - INFO - Configuration loaded successfully
2025-06-04 16:17:56,681 - INFO - Configuration loaded successfully
2025-06-04 16:17:56,684 - ERROR - Error loading employee data: Missing required columns: ['empid', 'first_name', 'second_name', 'dob', 'department']
2025-06-04 16:17:56,690 - INFO - Configuration loaded successfully
2025-06-04 16:17:56,701 - INFO - Loaded 5 employee records
2025-06-04 16:17:56,705 - INFO - Configuration loaded successfully
2025-06-04 16:17:56,706 - INFO - Configuration loaded successfully
2025-06-04 16:17:56,707 - ERROR - Error loading employee data: CSV file not found: nonexistent.csv
2025-06-04 16:17:56,714 - INFO - Configuration loaded successfully
2025-06-04 16:17:56,717 - INFO - Loaded 5 employee records
2025-06-04 16:17:56,718 - INFO - Found 1 employees with birthdays on 2025-06-05
2025-06-04 16:17:56,723 - INFO - Configuration loaded successfully
2025-06-04 16:17:56,728 - INFO - Loaded 5 employee records
2025-06-04 16:17:56,729 - INFO - Found 2 employees with birthdays on 2025-06-04
2025-06-04 16:17:56,734 - INFO - Configuration loaded successfully
2025-06-04 16:17:56,746 - INFO - Fonts loaded successfully
2025-06-04 16:17:56,779 - INFO - Base birthday image created successfully
2025-06-04 16:17:56,784 - INFO - Configuration loaded successfully
2025-06-04 16:17:56,789 - INFO - Fonts loaded successfully
2025-06-04 16:17:56,806 - INFO - Base birthday image created successfully
2025-06-04 16:17:56,812 - INFO - Configuration loaded successfully
2025-06-04 16:17:56,816 - INFO - Fonts loaded successfully
2025-06-04 16:17:56,819 - INFO - Configuration loaded successfully
2025-06-04 16:17:56,823 - INFO - Configuration loaded successfully
2025-06-04 16:17:56,829 - INFO - Fonts loaded successfully
2025-06-04 16:17:56,847 - INFO - Base birthday image created successfully
2025-06-04 16:17:56,866 - INFO - Birthday email sent successfully to Alice Test (alice@test.com)
2025-06-04 16:17:56,871 - INFO - Configuration loaded successfully
2025-06-04 16:17:56,876 - INFO - Fonts loaded successfully
2025-06-04 16:17:56,894 - INFO - Base birthday image created successfully
2025-06-04 16:17:56,910 - INFO - Image saved: C:\Users\ADMINI~1\AppData\Local\Temp\tmp5mf9ffev\output\birthday_TEST001_Alice_Test_20250604.png
2025-06-04 16:17:56,914 - INFO - Configuration loaded successfully
2025-06-04 16:17:56,915 - INFO - Starting birthday processing...
2025-06-04 16:17:56,918 - INFO - Loaded 5 employee records
2025-06-04 16:17:56,919 - INFO - Found 2 employees with birthdays on 2025-06-04
2025-06-04 16:17:56,919 - INFO - Creating base birthday image template...
2025-06-04 16:17:56,925 - INFO - Fonts loaded successfully
2025-06-04 16:17:56,941 - INFO - Base birthday image created successfully
2025-06-04 16:17:56,942 - INFO - Processing birthday for Alice Johnson (ID: EMP001, Dept: Engineering)
2025-06-04 16:17:56,971 - INFO - Image saved: C:\Users\ADMINI~1\AppData\Local\Temp\tmp_rbnvb96\output\birthday_EMP001_Alice_Johnson_20250604.png
2025-06-04 16:17:56,971 - INFO - Processing birthday for David Wilson (ID: EMP004, Dept: Engineering)
2025-06-04 16:17:57,002 - INFO - Image saved: C:\Users\ADMINI~1\AppData\Local\Temp\tmp_rbnvb96\output\birthday_EMP004_David_Wilson_20250604.png
2025-06-04 16:17:57,002 - INFO - Birthday processing completed. Results: {'processed': 2, 'successful': 2, 'failed': 0}
2025-06-04 16:17:57,009 - INFO - Configuration loaded successfully
2025-06-04 16:17:57,013 - INFO - Configuration loaded successfully
2025-06-04 16:17:57,013 - INFO - Starting birthday processing...
2025-06-04 16:17:57,016 - INFO - Loaded 1 employee records
2025-06-04 16:17:57,016 - INFO - Found 0 employees with birthdays on 2025-06-04
2025-06-04 16:17:57,017 - INFO - No birthdays today!
2025-06-04 16:17:57,020 - INFO - Configuration loaded successfully
2025-06-04 16:17:57,029 - INFO - Fonts loaded successfully
2025-06-04 16:17:57,047 - INFO - Base birthday image created successfully
2025-06-04 16:19:04,649 - INFO - Configuration loaded successfully
2025-06-04 16:19:04,652 - INFO - Configuration loaded successfully
2025-06-04 16:19:04,656 - ERROR - Error loading employee data: Missing required columns: ['empid', 'first_name', 'second_name', 'dob', 'department']
2025-06-04 16:19:04,660 - INFO - Configuration loaded successfully
2025-06-04 16:19:04,667 - INFO - Loaded 5 employee records
2025-06-04 16:19:04,673 - INFO - Configuration loaded successfully
2025-06-04 16:19:04,674 - INFO - Configuration loaded successfully
2025-06-04 16:19:04,674 - ERROR - Error loading employee data: CSV file not found: nonexistent.csv
2025-06-04 16:19:04,681 - INFO - Configuration loaded successfully
2025-06-04 16:19:04,687 - INFO - Loaded 5 employee records
2025-06-04 16:19:04,687 - INFO - Found 1 employees with birthdays on 2025-06-05
2025-06-04 16:19:04,691 - INFO - Configuration loaded successfully
2025-06-04 16:19:04,699 - INFO - Loaded 5 employee records
2025-06-04 16:19:04,699 - INFO - Found 2 employees with birthdays on 2025-06-04
2025-06-04 16:19:04,702 - INFO - Configuration loaded successfully
2025-06-04 16:19:04,713 - INFO - Fonts loaded successfully
2025-06-04 16:19:04,747 - INFO - Base birthday image created successfully
2025-06-04 16:19:04,751 - INFO - Configuration loaded successfully
2025-06-04 16:19:04,755 - INFO - Fonts loaded successfully
2025-06-04 16:19:04,772 - INFO - Base birthday image created successfully
2025-06-04 16:19:04,779 - INFO - Configuration loaded successfully
2025-06-04 16:19:04,783 - INFO - Fonts loaded successfully
2025-06-04 16:19:04,788 - INFO - Configuration loaded successfully
2025-06-04 16:19:04,794 - INFO - Configuration loaded successfully
2025-06-04 16:19:04,800 - INFO - Fonts loaded successfully
2025-06-04 16:19:04,816 - INFO - Base birthday image created successfully
2025-06-04 16:19:04,835 - INFO - Birthday email sent successfully to Alice Test (alice@test.com)
2025-06-04 16:19:04,840 - INFO - Configuration loaded successfully
2025-06-04 16:19:04,845 - INFO - Fonts loaded successfully
2025-06-04 16:19:04,862 - INFO - Base birthday image created successfully
2025-06-04 16:19:04,879 - INFO - Image saved: C:\Users\ADMINI~1\AppData\Local\Temp\tmp4qvqb9hg\output\birthday_TEST001_Alice_Test_20250604.png
2025-06-04 16:19:04,883 - INFO - Configuration loaded successfully
2025-06-04 16:19:04,884 - INFO - Starting birthday processing...
2025-06-04 16:19:04,888 - INFO - Loaded 5 employee records
2025-06-04 16:19:04,888 - INFO - Found 2 employees with birthdays on 2025-06-04
2025-06-04 16:19:04,889 - INFO - Creating base birthday image template...
2025-06-04 16:19:04,893 - INFO - Fonts loaded successfully
2025-06-04 16:19:04,911 - INFO - Base birthday image created successfully
2025-06-04 16:19:04,911 - INFO - Processing birthday for Alice Johnson (ID: EMP001, Dept: Engineering)
2025-06-04 16:19:04,938 - INFO - Image saved: C:\Users\ADMINI~1\AppData\Local\Temp\tmplb0tjqag\output\birthday_EMP001_Alice_Johnson_20250604.png
2025-06-04 16:19:04,939 - INFO - Processing birthday for David Wilson (ID: EMP004, Dept: Engineering)
2025-06-04 16:19:04,967 - INFO - Image saved: C:\Users\ADMINI~1\AppData\Local\Temp\tmplb0tjqag\output\birthday_EMP004_David_Wilson_20250604.png
2025-06-04 16:19:04,968 - INFO - Birthday processing completed. Results: {'processed': 2, 'successful': 2, 'failed': 0}
2025-06-04 16:19:04,972 - INFO - Configuration loaded successfully
2025-06-04 16:19:04,976 - INFO - Configuration loaded successfully
2025-06-04 16:19:04,976 - INFO - Starting birthday processing...
2025-06-04 16:19:04,979 - INFO - Loaded 1 employee records
2025-06-04 16:19:04,979 - INFO - Found 0 employees with birthdays on 2025-06-04
2025-06-04 16:19:04,979 - INFO - No birthdays today!
2025-06-04 16:19:04,982 - INFO - Configuration loaded successfully
2025-06-04 16:19:04,986 - INFO - Fonts loaded successfully
2025-06-04 16:19:05,001 - INFO - Base birthday image created successfully
2025-06-04 16:19:34,499 - INFO - Configuration loaded successfully
2025-06-04 16:19:34,502 - INFO - Configuration loaded successfully
2025-06-04 16:19:34,506 - ERROR - Error loading employee data: Missing required columns: ['empid', 'first_name', 'second_name', 'dob', 'department']
2025-06-04 16:19:34,510 - INFO - Configuration loaded successfully
2025-06-04 16:19:34,518 - INFO - Loaded 5 employee records
2025-06-04 16:19:34,523 - INFO - Configuration loaded successfully
2025-06-04 16:19:34,524 - INFO - Configuration loaded successfully
2025-06-04 16:19:34,524 - ERROR - Error loading employee data: CSV file not found: nonexistent.csv
2025-06-04 16:19:34,531 - INFO - Configuration loaded successfully
2025-06-04 16:19:34,535 - INFO - Loaded 5 employee records
2025-06-04 16:19:34,535 - INFO - Found 1 employees with birthdays on 2025-06-05
2025-06-04 16:19:34,539 - INFO - Configuration loaded successfully
2025-06-04 16:19:34,544 - INFO - Loaded 5 employee records
2025-06-04 16:19:34,545 - INFO - Found 2 employees with birthdays on 2025-06-04
2025-06-04 16:19:34,548 - INFO - Configuration loaded successfully
2025-06-04 16:19:34,557 - INFO - Fonts loaded successfully
2025-06-04 16:19:34,587 - INFO - Base birthday image created successfully
2025-06-04 16:19:34,593 - INFO - Configuration loaded successfully
2025-06-04 16:19:34,597 - INFO - Fonts loaded successfully
2025-06-04 16:19:34,612 - INFO - Base birthday image created successfully
2025-06-04 16:19:34,618 - INFO - Configuration loaded successfully
2025-06-04 16:19:34,622 - INFO - Fonts loaded successfully
2025-06-04 16:19:34,627 - INFO - Configuration loaded successfully
2025-06-04 16:19:34,630 - INFO - Configuration loaded successfully
2025-06-04 16:19:34,635 - INFO - Fonts loaded successfully
2025-06-04 16:19:34,649 - INFO - Base birthday image created successfully
2025-06-04 16:19:34,668 - INFO - Birthday email sent successfully to Alice Test (alice@test.com)
2025-06-04 16:19:34,672 - INFO - Configuration loaded successfully
2025-06-04 16:19:34,677 - INFO - Fonts loaded successfully
2025-06-04 16:19:34,697 - INFO - Base birthday image created successfully
2025-06-04 16:19:34,714 - INFO - Image saved: C:\Users\ADMINI~1\AppData\Local\Temp\tmpkbm1gro9\output\birthday_TEST001_Alice_Test_20250604.png
2025-06-04 16:19:34,718 - INFO - Configuration loaded successfully
2025-06-04 16:19:34,719 - INFO - Starting birthday processing...
2025-06-04 16:19:34,723 - INFO - Loaded 5 employee records
2025-06-04 16:19:34,723 - INFO - Found 2 employees with birthdays on 2025-06-04
2025-06-04 16:19:34,723 - INFO - Creating base birthday image template...
2025-06-04 16:19:34,728 - INFO - Fonts loaded successfully
2025-06-04 16:19:34,744 - INFO - Base birthday image created successfully
2025-06-04 16:19:34,745 - INFO - Processing birthday for Alice Johnson (ID: EMP001, Dept: Engineering)
2025-06-04 16:19:34,772 - INFO - Image saved: C:\Users\ADMINI~1\AppData\Local\Temp\tmp74m8r82a\output\birthday_EMP001_Alice_Johnson_20250604.png
2025-06-04 16:19:34,772 - INFO - Processing birthday for David Wilson (ID: EMP004, Dept: Engineering)
2025-06-04 16:19:34,800 - INFO - Image saved: C:\Users\ADMINI~1\AppData\Local\Temp\tmp74m8r82a\output\birthday_EMP004_David_Wilson_20250604.png
2025-06-04 16:19:34,801 - INFO - Birthday processing completed. Results: {'processed': 2, 'successful': 2, 'failed': 0}
2025-06-04 16:19:34,805 - INFO - Configuration loaded successfully
2025-06-04 16:19:34,808 - INFO - Configuration loaded successfully
2025-06-04 16:19:34,809 - INFO - Starting birthday processing...
2025-06-04 16:19:34,812 - INFO - Loaded 1 employee records
2025-06-04 16:19:34,813 - INFO - Found 0 employees with birthdays on 2025-06-04
2025-06-04 16:19:34,813 - INFO - No birthdays today!
2025-06-04 16:19:34,815 - INFO - Configuration loaded successfully
2025-06-04 16:19:34,819 - INFO - Fonts loaded successfully
2025-06-04 16:19:34,835 - INFO - Base birthday image created successfully
2025-06-04 16:20:34,919 - INFO - Configuration loaded successfully
2025-06-04 16:20:34,919 - INFO - Starting birthday automation scheduler - will run daily at 09:00
2025-06-04 16:20:34,920 - INFO - Running initial birthday check...
2025-06-04 16:20:34,920 - INFO - Running daily birthday check...
2025-06-04 16:20:34,920 - INFO - Starting birthday processing...
2025-06-04 16:20:34,926 - INFO - Loaded 8 employee records
2025-06-04 16:20:34,927 - INFO - Found 2 employees with birthdays on 2025-06-04
2025-06-04 16:20:34,927 - INFO - Creating base birthday image template...
2025-06-04 16:20:34,936 - INFO - Fonts loaded successfully
2025-06-04 16:20:34,978 - INFO - Base birthday image created successfully
2025-06-04 16:20:34,979 - INFO - Processing birthday for Alice Johnson (ID: EMP001, Dept: Engineering)
2025-06-04 16:20:35,005 - INFO - Image saved: output_img\birthday_EMP001_Alice_Johnson_20250604.png
2025-06-04 16:20:40,081 - INFO - Birthday email sent successfully to Alice Johnson (alice.johnson@company.com)
2025-06-04 16:20:40,082 - INFO - Processing birthday for Carol Davis (ID: EMP003, Dept: HR)
2025-06-04 16:20:40,112 - INFO - Image saved: output_img\birthday_EMP003_Carol_Davis_20250604.png
2025-06-04 16:20:44,542 - INFO - Birthday email sent successfully to Carol Davis (carol.davis@company.com)
2025-06-04 16:20:44,543 - INFO - Birthday processing completed. Results: {'processed': 2, 'successful': 2, 'failed': 0}
2025-06-04 16:20:44,544 - INFO - Processed 2 birthdays - Successful: 2, Failed: 0
2025-06-04 16:53:03,234 - INFO - Configuration loaded successfully
2025-06-04 16:53:03,234 - INFO - Starting birthday automation scheduler - will run daily at 09:00
2025-06-04 16:53:03,235 - INFO - Running initial birthday check...
2025-06-04 16:53:03,235 - INFO - Running daily birthday check...
2025-06-04 16:53:03,235 - INFO - Starting birthday processing...
2025-06-04 16:53:03,240 - INFO - Loaded 8 employee records
2025-06-04 16:53:03,240 - INFO - Found 2 employees with birthdays on 2025-06-04
2025-06-04 16:53:03,241 - INFO - Creating base birthday image template...
2025-06-04 16:53:03,249 - INFO - Fonts loaded successfully
2025-06-04 16:53:03,290 - INFO - Base birthday image created successfully
2025-06-04 16:53:03,290 - INFO - Processing birthday for Alice Johnson (ID: EMP001, Dept: Engineering)
2025-06-04 16:53:03,318 - INFO - Image saved: output_img\birthday_EMP001_Alice_Johnson_20250604.png
2025-06-04 16:53:09,582 - INFO - Birthday email sent successfully to Alice Johnson (alice.johnson@company.com)
2025-06-04 16:53:09,583 - INFO - Processing birthday for Carol Davis (ID: EMP003, Dept: HR)
2025-06-04 16:53:09,613 - INFO - Image saved: output_img\birthday_EMP003_Carol_Davis_20250604.png
2025-06-04 16:53:14,565 - INFO - Birthday email sent successfully to Carol Davis (carol.davis@company.com)
2025-06-04 16:53:14,566 - INFO - Birthday processing completed. Results: {'processed': 2, 'successful': 2, 'failed': 0}
2025-06-04 16:53:14,567 - INFO - Processed 2 birthdays - Successful: 2, Failed: 0
2025-06-05 11:07:59,131 - INFO - Configuration loaded successfully
2025-06-05 11:07:59,135 - INFO - Configuration loaded successfully
2025-06-05 11:07:59,149 - ERROR - Error loading employee data: Missing required columns: ['empid', 'first_name', 'second_name', 'dob', 'department']
2025-06-05 11:07:59,159 - INFO - Configuration loaded successfully
2025-06-05 11:07:59,193 - INFO - Loaded 5 employee records
2025-06-05 11:07:59,201 - INFO - Configuration loaded successfully
2025-06-05 11:07:59,201 - INFO - Configuration loaded successfully
2025-06-05 11:07:59,202 - ERROR - Error loading employee data: CSV file not found: nonexistent.csv
2025-06-05 11:07:59,206 - INFO - Configuration loaded successfully
2025-06-05 11:07:59,212 - INFO - Loaded 5 employee records
2025-06-05 11:07:59,213 - INFO - Found 1 employees with birthdays on 2025-06-06
2025-06-05 11:07:59,218 - INFO - Configuration loaded successfully
2025-06-05 11:07:59,222 - INFO - Loaded 5 employee records
2025-06-05 11:07:59,222 - INFO - Found 2 employees with birthdays on 2025-06-05
2025-06-05 11:07:59,229 - INFO - Configuration loaded successfully
2025-06-05 11:07:59,251 - INFO - Fonts loaded successfully
2025-06-05 11:07:59,316 - INFO - Base birthday image created successfully
2025-06-05 11:07:59,322 - INFO - Configuration loaded successfully
2025-06-05 11:07:59,330 - INFO - Fonts loaded successfully
2025-06-05 11:07:59,351 - INFO - Base birthday image created successfully
2025-06-05 11:07:59,360 - INFO - Configuration loaded successfully
2025-06-05 11:07:59,367 - INFO - Fonts loaded successfully
2025-06-05 11:07:59,374 - INFO - Configuration loaded successfully
2025-06-05 11:07:59,380 - INFO - Configuration loaded successfully
2025-06-05 11:07:59,387 - INFO - Fonts loaded successfully
2025-06-05 11:07:59,406 - INFO - Base birthday image created successfully
2025-06-05 11:07:59,434 - INFO - Birthday email sent successfully to Alice Test (alice@test.com)
2025-06-05 11:07:59,438 - INFO - Configuration loaded successfully
2025-06-05 11:07:59,445 - INFO - Fonts loaded successfully
2025-06-05 11:07:59,474 - INFO - Base birthday image created successfully
2025-06-05 11:07:59,513 - INFO - Image saved: C:\Users\ADMINI~1\AppData\Local\Temp\tmpaledr9ge\output\birthday_TEST001_Alice_Test_20250605.png
2025-06-05 11:07:59,519 - INFO - Configuration loaded successfully
2025-06-05 11:07:59,520 - INFO - Starting birthday processing...
2025-06-05 11:07:59,525 - INFO - Loaded 5 employee records
2025-06-05 11:07:59,526 - INFO - Found 2 employees with birthdays on 2025-06-05
2025-06-05 11:07:59,526 - INFO - Creating base birthday image template...
2025-06-05 11:07:59,532 - INFO - Fonts loaded successfully
2025-06-05 11:07:59,550 - INFO - Base birthday image created successfully
2025-06-05 11:07:59,550 - INFO - Processing birthday for Alice Johnson (ID: EMP001, Dept: Engineering)
2025-06-05 11:07:59,584 - INFO - Image saved: C:\Users\ADMINI~1\AppData\Local\Temp\tmpjeyga89o\output\birthday_EMP001_Alice_Johnson_20250605.png
2025-06-05 11:07:59,584 - INFO - Processing birthday for David Wilson (ID: EMP004, Dept: Engineering)
2025-06-05 11:07:59,617 - INFO - Image saved: C:\Users\ADMINI~1\AppData\Local\Temp\tmpjeyga89o\output\birthday_EMP004_David_Wilson_20250605.png
2025-06-05 11:07:59,618 - INFO - Birthday processing completed. Results: {'processed': 2, 'successful': 2, 'failed': 0}
2025-06-05 11:07:59,623 - INFO - Configuration loaded successfully
2025-06-05 11:07:59,627 - INFO - Configuration loaded successfully
2025-06-05 11:07:59,627 - INFO - Starting birthday processing...
2025-06-05 11:07:59,651 - INFO - Loaded 1 employee records
2025-06-05 11:07:59,651 - INFO - Found 0 employees with birthdays on 2025-06-05
2025-06-05 11:07:59,652 - INFO - No birthdays today!
2025-06-05 11:07:59,656 - INFO - Configuration loaded successfully
2025-06-05 11:07:59,665 - INFO - Fonts loaded successfully
2025-06-05 11:07:59,684 - INFO - Base birthday image created successfully
2025-06-05 11:22:45,825 - INFO - Configuration loaded successfully
2025-06-05 11:22:45,826 - INFO - Starting birthday automation scheduler - will run daily at 09:00
2025-06-05 11:22:45,826 - INFO - Running initial birthday check...
2025-06-05 11:22:45,826 - INFO - Running daily birthday check...
2025-06-05 11:22:45,827 - INFO - Starting birthday processing...
2025-06-05 11:22:45,856 - INFO - Loaded 8 employee records
2025-06-05 11:22:45,857 - INFO - Found 2 employees with birthdays on 2025-06-05
2025-06-05 11:22:45,857 - INFO - Creating base birthday image template...
2025-06-05 11:22:45,874 - INFO - Fonts loaded successfully
2025-06-05 11:22:45,950 - INFO - Base birthday image created successfully
2025-06-05 11:22:45,950 - INFO - Processing birthday for Bob Smith (ID: EMP002, Dept: Marketing)
2025-06-05 11:22:45,981 - INFO - Image saved: output_img\birthday_EMP002_Bob_Smith_20250605.png
2025-06-05 11:22:51,187 - INFO - Birthday email sent successfully to Bob Smith (kmrunal987@gmail.com)
2025-06-05 11:22:51,188 - INFO - Processing birthday for David Wilson (ID: EMP004, Dept: Engineering)
2025-06-05 11:22:51,234 - INFO - Image saved: output_img\birthday_EMP004_David_Wilson_20250605.png
2025-06-05 11:22:56,169 - INFO - Birthday email sent successfully to David Wilson (ishika20jan@gmail.com)
2025-06-05 11:22:56,172 - INFO - Birthday processing completed. Results: {'processed': 2, 'successful': 2, 'failed': 0}
2025-06-05 11:22:56,172 - INFO - Processed 2 birthdays - Successful: 2, Failed: 0
2025-06-05 11:28:56,237 - INFO - Configuration loaded successfully
2025-06-05 11:28:56,240 - INFO - Configuration loaded successfully
2025-06-05 11:28:56,270 - ERROR - Error loading employee data: Missing required columns: ['empid', 'first_name', 'second_name', 'dob', 'department']
2025-06-05 11:28:56,274 - INFO - Configuration loaded successfully
2025-06-05 11:28:56,302 - INFO - Loaded 5 employee records
2025-06-05 11:28:56,308 - INFO - Configuration loaded successfully
2025-06-05 11:28:56,308 - INFO - Configuration loaded successfully
2025-06-05 11:28:56,309 - ERROR - Error loading employee data: CSV file not found: nonexistent.csv
2025-06-05 11:28:56,317 - INFO - Configuration loaded successfully
2025-06-05 11:28:56,324 - INFO - Loaded 5 employee records
2025-06-05 11:28:56,324 - INFO - Found 1 employees with birthdays on 2025-06-06
2025-06-05 11:28:56,333 - INFO - Configuration loaded successfully
2025-06-05 11:28:56,339 - INFO - Loaded 5 employee records
2025-06-05 11:28:56,339 - INFO - Found 2 employees with birthdays on 2025-06-05
2025-06-05 11:28:56,342 - INFO - Configuration loaded successfully
2025-06-05 11:28:56,355 - INFO - Fonts loaded successfully
2025-06-05 11:28:56,391 - INFO - Base birthday image created successfully
2025-06-05 11:28:56,395 - INFO - Configuration loaded successfully
2025-06-05 11:28:56,401 - INFO - Fonts loaded successfully
2025-06-05 11:28:56,420 - INFO - Base birthday image created successfully
2025-06-05 11:28:56,429 - INFO - Configuration loaded successfully
2025-06-05 11:28:56,438 - INFO - Fonts loaded successfully
2025-06-05 11:28:56,441 - INFO - Configuration loaded successfully
2025-06-05 11:28:56,449 - INFO - Configuration loaded successfully
2025-06-05 11:28:56,456 - INFO - Fonts loaded successfully
2025-06-05 11:28:56,472 - INFO - Base birthday image created successfully
2025-06-05 11:28:56,497 - INFO - Birthday email sent successfully to Alice Test (alice@test.com)
2025-06-05 11:28:56,503 - INFO - Configuration loaded successfully
2025-06-05 11:28:56,508 - INFO - Fonts loaded successfully
2025-06-05 11:28:56,525 - INFO - Base birthday image created successfully
2025-06-05 11:28:56,543 - INFO - Image saved: C:\Users\ADMINI~1\AppData\Local\Temp\tmpyaca2k0v\output\birthday_TEST001_Alice_Test_20250605.png
2025-06-05 11:28:56,552 - INFO - Configuration loaded successfully
2025-06-05 11:28:56,553 - INFO - Starting birthday processing...
2025-06-05 11:28:56,558 - INFO - Loaded 5 employee records
2025-06-05 11:28:56,558 - INFO - Found 2 employees with birthdays on 2025-06-05
2025-06-05 11:28:56,559 - INFO - Creating base birthday image template...
2025-06-05 11:28:56,567 - INFO - Fonts loaded successfully
2025-06-05 11:28:56,585 - INFO - Base birthday image created successfully
2025-06-05 11:28:56,586 - INFO - Processing birthday for Alice Johnson (ID: EMP001, Dept: Engineering)
2025-06-05 11:28:56,620 - INFO - Image saved: C:\Users\ADMINI~1\AppData\Local\Temp\tmp9rfan28l\output\birthday_EMP001_Alice_Johnson_20250605.png
2025-06-05 11:28:56,621 - INFO - Processing birthday for David Wilson (ID: EMP004, Dept: Engineering)
2025-06-05 11:28:56,657 - INFO - Image saved: C:\Users\ADMINI~1\AppData\Local\Temp\tmp9rfan28l\output\birthday_EMP004_David_Wilson_20250605.png
2025-06-05 11:28:56,658 - INFO - Birthday processing completed. Results: {'processed': 2, 'successful': 2, 'failed': 0}
2025-06-05 11:28:56,666 - INFO - Configuration loaded successfully
2025-06-05 11:28:56,669 - INFO - Configuration loaded successfully
2025-06-05 11:28:56,670 - INFO - Starting birthday processing...
2025-06-05 11:28:56,691 - INFO - Loaded 1 employee records
2025-06-05 11:28:56,691 - INFO - Found 0 employees with birthdays on 2025-06-05
2025-06-05 11:28:56,692 - INFO - No birthdays today!
2025-06-05 11:28:56,702 - INFO - Configuration loaded successfully
2025-06-05 11:28:56,707 - INFO - Fonts loaded successfully
2025-06-05 11:28:56,731 - INFO - Base birthday image created successfully
2025-06-05 11:29:21,270 - INFO - Configuration loaded successfully
2025-06-05 11:29:21,270 - INFO - Starting birthday processing...
2025-06-05 11:29:21,275 - INFO - Loaded 8 employee records
2025-06-05 11:29:21,276 - INFO - Found 2 employees with birthdays on 2025-06-05
2025-06-05 11:29:21,276 - INFO - Creating base birthday image template...
2025-06-05 11:29:21,288 - INFO - Fonts loaded successfully
2025-06-05 11:29:21,324 - INFO - Base birthday image created successfully
2025-06-05 11:29:21,325 - INFO - Processing birthday for Bob Smith (ID: EMP002, Dept: Marketing)
2025-06-05 11:29:21,357 - INFO - Image saved: output_img\birthday_EMP002_Bob_Smith_20250605.png
2025-06-05 11:29:27,027 - INFO - Birthday email sent successfully to Bob Smith (bob.smith@company.com)
2025-06-05 11:29:27,028 - INFO - Processing birthday for David Wilson (ID: EMP004, Dept: Engineering)
2025-06-05 11:29:27,071 - INFO - Image saved: output_img\birthday_EMP004_David_Wilson_20250605.png
2025-06-05 11:29:31,974 - INFO - Birthday email sent successfully to David Wilson (david.wilson@company.com)
2025-06-05 11:29:31,974 - INFO - Birthday processing completed. Results: {'processed': 2, 'successful': 2, 'failed': 0}
2025-06-05 11:29:40,708 - INFO - Configuration loaded successfully
2025-06-05 11:29:40,709 - INFO - Starting birthday automation scheduler - will run daily at 09:00
2025-06-05 11:29:40,709 - INFO - Running initial birthday check...
2025-06-05 11:29:40,710 - INFO - Running daily birthday check...
2025-06-05 11:29:40,710 - INFO - Starting birthday processing...
2025-06-05 11:29:40,714 - INFO - Loaded 8 employee records
2025-06-05 11:29:40,715 - INFO - Found 2 employees with birthdays on 2025-06-05
2025-06-05 11:29:40,715 - INFO - Creating base birthday image template...
2025-06-05 11:29:40,723 - INFO - Fonts loaded successfully
2025-06-05 11:29:40,767 - INFO - Base birthday image created successfully
2025-06-05 11:29:40,768 - INFO - Processing birthday for Bob Smith (ID: EMP002, Dept: Marketing)
2025-06-05 11:29:40,797 - INFO - Image saved: output_img\birthday_EMP002_Bob_Smith_20250605.png
2025-06-05 11:29:46,104 - INFO - Birthday email sent successfully to Bob Smith (bob.smith@company.com)
2025-06-05 11:29:46,105 - INFO - Processing birthday for David Wilson (ID: EMP004, Dept: Engineering)
2025-06-05 11:29:46,143 - INFO - Image saved: output_img\birthday_EMP004_David_Wilson_20250605.png
2025-06-05 11:29:51,297 - INFO - Birthday email sent successfully to David Wilson (david.wilson@company.com)
2025-06-05 11:29:51,298 - INFO - Birthday processing completed. Results: {'processed': 2, 'successful': 2, 'failed': 0}
2025-06-05 11:29:51,299 - INFO - Processed 2 birthdays - Successful: 2, Failed: 0
2025-06-06 11:32:44,238 - INFO - Running daily birthday check...
2025-06-06 11:32:44,239 - INFO - Starting birthday processing...
2025-06-06 11:32:44,253 - INFO - Loaded 8 employee records
2025-06-06 11:32:44,253 - INFO - Found 0 employees with birthdays on 2025-06-06
2025-06-06 11:32:44,254 - INFO - No birthdays today!
2025-06-06 11:32:44,255 - INFO - No birthdays today
2025-06-06 11:32:49,116 - INFO - Running daily birthday check...
2025-06-06 11:32:49,116 - INFO - Starting birthday processing...
2025-06-06 11:32:49,124 - INFO - Loaded 8 employee records
2025-06-06 11:32:49,124 - INFO - Found 0 employees with birthdays on 2025-06-06
2025-06-06 11:32:49,124 - INFO - No birthdays today!
2025-06-06 11:32:49,125 - INFO - No birthdays today
2025-06-07 11:33:37,441 - INFO - Running daily birthday check...
2025-06-07 11:33:37,442 - INFO - Starting birthday processing...
2025-06-07 11:33:37,479 - INFO - Loaded 8 employee records
2025-06-07 11:33:37,480 - INFO - Found 2 employees with birthdays on 2025-06-07
2025-06-07 11:33:37,481 - INFO - Creating base birthday image template...
2025-06-07 11:33:37,481 - INFO - Processing birthday for Frank Miller (ID: EMP006, Dept: Sales)
2025-06-07 11:33:37,572 - INFO - Image saved: output_img\birthday_EMP006_Frank_Miller_20250607.png
2025-06-07 11:33:37,580 - ERROR - Error sending email to Frank Miller: [Errno 11001] getaddrinfo failed
2025-06-07 11:33:37,581 - INFO - Processing birthday for Grace Taylor (ID: EMP007, Dept: Marketing)
2025-06-07 11:33:37,672 - INFO - Image saved: output_img\birthday_EMP007_Grace_Taylor_20250607.png
2025-06-07 11:33:37,678 - ERROR - Error sending email to Grace Taylor: [Errno 11001] getaddrinfo failed
2025-06-07 11:33:37,679 - INFO - Birthday processing completed. Results: {'processed': 2, 'successful': 0, 'failed': 2}
2025-06-07 11:33:37,680 - INFO - Processed 2 birthdays - Successful: 0, Failed: 2
2025-06-07 11:33:42,313 - INFO - Running daily birthday check...
2025-06-07 11:33:42,314 - INFO - Starting birthday processing...
2025-06-07 11:33:42,316 - INFO - Loaded 8 employee records
2025-06-07 11:33:42,316 - INFO - Found 2 employees with birthdays on 2025-06-07
2025-06-07 11:33:42,317 - INFO - Creating base birthday image template...
2025-06-07 11:33:42,317 - INFO - Processing birthday for Frank Miller (ID: EMP006, Dept: Sales)
2025-06-07 11:33:42,342 - INFO - Image saved: output_img\birthday_EMP006_Frank_Miller_20250607.png
2025-06-07 11:33:42,345 - ERROR - Error sending email to Frank Miller: [Errno 11001] getaddrinfo failed
2025-06-07 11:33:42,345 - INFO - Processing birthday for Grace Taylor (ID: EMP007, Dept: Marketing)
2025-06-07 11:33:42,375 - INFO - Image saved: output_img\birthday_EMP007_Grace_Taylor_20250607.png
2025-06-07 11:33:42,378 - ERROR - Error sending email to Grace Taylor: [Errno 11001] getaddrinfo failed
2025-06-07 11:33:42,378 - INFO - Birthday processing completed. Results: {'processed': 2, 'successful': 0, 'failed': 2}
2025-06-07 11:33:42,378 - INFO - Processed 2 birthdays - Successful: 0, Failed: 2
2025-06-05 11:55:17,918 - INFO - Configuration loaded successfully
2025-06-05 11:55:17,919 - INFO - Starting birthday processing...
2025-06-05 11:55:17,928 - INFO - Loaded 8 employee records
2025-06-05 11:55:17,928 - INFO - Found 3 employees with birthdays on 2025-06-05
2025-06-05 11:55:17,928 - INFO - Creating base birthday image template...
2025-06-05 11:55:17,936 - INFO - Fonts loaded successfully
2025-06-05 11:55:17,968 - INFO - Base birthday image created successfully
2025-06-05 11:55:17,969 - INFO - Processing birthday for Bob Smith (ID: EMP002, Dept: Marketing)
2025-06-05 11:55:17,994 - INFO - Image saved: output_img\birthday_EMP002_Bob_Smith_20250605.png
2025-06-05 11:55:22,681 - INFO - Birthday email sent successfully to Bob Smith (bob.smith@company.com)
2025-06-05 11:55:22,681 - INFO - Processing birthday for Carol Davis (ID: EMP003, Dept: HR)
2025-06-05 11:55:22,711 - INFO - Image saved: output_img\birthday_EMP003_Carol_Davis_20250605.png
2025-06-05 11:55:27,243 - INFO - Birthday email sent successfully to Carol Davis (carol.davis@company.com)
2025-06-05 11:55:27,244 - INFO - Processing birthday for David Wilson (ID: EMP004, Dept: Engineering)
2025-06-05 11:55:27,271 - INFO - Image saved: output_img\birthday_EMP004_David_Wilson_20250605.png
2025-06-05 11:55:31,376 - INFO - Birthday email sent successfully to David Wilson (david.wilson@company.com)
2025-06-05 11:55:31,377 - INFO - Birthday processing completed. Results: {'processed': 3, 'successful': 3, 'failed': 0}
2025-06-05 12:19:36,267 - INFO - Configuration loaded successfully
2025-06-05 12:19:36,268 - INFO - Starting birthday automation scheduler - will run daily at 09:00
2025-06-05 12:19:36,268 - INFO - Running initial birthday check...
2025-06-05 12:19:36,268 - INFO - Running daily birthday check...
2025-06-05 12:19:36,268 - INFO - Starting birthday processing...
2025-06-05 12:19:36,274 - INFO - Loaded 8 employee records
2025-06-05 12:19:36,274 - INFO - Found 3 employees with birthdays on 2025-06-05
2025-06-05 12:19:36,274 - INFO - Creating base birthday image template...
2025-06-05 12:19:36,287 - INFO - Fonts loaded successfully
2025-06-05 12:19:36,335 - INFO - Base birthday image created successfully
2025-06-05 12:19:36,335 - INFO - Processing birthday for Bob Smith (ID: EMP002, Dept: Marketing)
2025-06-05 12:19:36,369 - INFO - Image saved: output_img\birthday_EMP002_Bob_Smith_20250605.png
2025-06-05 12:19:41,615 - INFO - Birthday email sent successfully to Bob Smith (bob.smith@company.com)
2025-06-05 12:19:41,616 - INFO - Processing birthday for Carol Davis (ID: EMP003, Dept: HR)
2025-06-05 12:19:41,645 - INFO - Image saved: output_img\birthday_EMP003_Carol_Davis_20250605.png
2025-06-05 12:19:45,955 - INFO - Birthday email sent successfully to Carol Davis (carol.davis@company.com)
2025-06-05 12:19:45,955 - INFO - Processing birthday for David Wilson (ID: EMP004, Dept: Engineering)
2025-06-05 12:19:45,986 - INFO - Image saved: output_img\birthday_EMP004_David_Wilson_20250605.png
2025-06-05 12:19:50,289 - INFO - Birthday email sent successfully to David Wilson (david.wilson@company.com)
2025-06-05 12:19:50,289 - INFO - Birthday processing completed. Results: {'processed': 3, 'successful': 3, 'failed': 0}
2025-06-05 12:19:50,290 - INFO - Processed 3 birthdays - Successful: 3, Failed: 0
2025-06-05 12:22:24,218 - INFO - Configuration loaded successfully
2025-06-05 12:22:24,219 - INFO - Starting birthday automation scheduler - will run daily at 12:24
2025-06-05 12:22:24,219 - INFO - Running initial birthday check...
2025-06-05 12:22:24,219 - INFO - Running daily birthday check...
2025-06-05 12:22:24,220 - INFO - Starting birthday processing...
2025-06-05 12:22:24,224 - INFO - Loaded 8 employee records
2025-06-05 12:22:24,225 - INFO - Found 3 employees with birthdays on 2025-06-05
2025-06-05 12:22:24,225 - INFO - Creating base birthday image template...
2025-06-05 12:22:24,238 - INFO - Fonts loaded successfully
2025-06-05 12:22:24,271 - INFO - Base birthday image created successfully
2025-06-05 12:22:24,272 - INFO - Processing birthday for Bob Smith (ID: EMP002, Dept: Marketing)
2025-06-05 12:22:24,301 - INFO - Image saved: output_img\birthday_EMP002_Bob_Smith_20250605.png
2025-06-05 12:22:28,692 - INFO - Birthday email sent successfully to Bob Smith (bob.smith@company.com)
2025-06-05 12:22:28,692 - INFO - Processing birthday for Carol Davis (ID: EMP003, Dept: HR)
2025-06-05 12:22:28,722 - INFO - Image saved: output_img\birthday_EMP003_Carol_Davis_20250605.png
2025-06-05 12:22:33,172 - INFO - Birthday email sent successfully to Carol Davis (carol.davis@company.com)
2025-06-05 12:22:33,173 - INFO - Processing birthday for David Wilson (ID: EMP004, Dept: Engineering)
2025-06-05 12:22:33,204 - INFO - Image saved: output_img\birthday_EMP004_David_Wilson_20250605.png
2025-06-05 12:22:38,003 - INFO - Birthday email sent successfully to David Wilson (david.wilson@company.com)
2025-06-05 12:22:38,003 - INFO - Birthday processing completed. Results: {'processed': 3, 'successful': 3, 'failed': 0}
2025-06-05 12:22:38,004 - INFO - Processed 3 birthdays - Successful: 3, Failed: 0
2025-06-05 12:24:38,020 - INFO - Running daily birthday check...
2025-06-05 12:24:38,020 - INFO - Starting birthday processing...
2025-06-05 12:24:38,026 - INFO - Loaded 8 employee records
2025-06-05 12:24:38,027 - INFO - Found 3 employees with birthdays on 2025-06-05
2025-06-05 12:24:38,027 - INFO - Creating base birthday image template...
2025-06-05 12:24:38,028 - INFO - Processing birthday for Bob Smith (ID: EMP002, Dept: Marketing)
2025-06-05 12:24:38,056 - INFO - Image saved: output_img\birthday_EMP002_Bob_Smith_20250605.png
2025-06-05 12:24:43,367 - INFO - Birthday email sent successfully to Bob Smith (bob.smith@company.com)
2025-06-05 12:24:43,367 - INFO - Processing birthday for Carol Davis (ID: EMP003, Dept: HR)
2025-06-05 12:24:43,396 - INFO - Image saved: output_img\birthday_EMP003_Carol_Davis_20250605.png
2025-06-05 12:24:48,517 - INFO - Birthday email sent successfully to Carol Davis (carol.davis@company.com)
2025-06-05 12:24:48,518 - INFO - Processing birthday for David Wilson (ID: EMP004, Dept: Engineering)
2025-06-05 12:24:48,544 - INFO - Image saved: output_img\birthday_EMP004_David_Wilson_20250605.png
2025-06-05 12:24:53,601 - INFO - Birthday email sent successfully to David Wilson (david.wilson@company.com)
2025-06-05 12:24:53,602 - INFO - Birthday processing completed. Results: {'processed': 3, 'successful': 3, 'failed': 0}
2025-06-05 12:24:53,603 - INFO - Processed 3 birthdays - Successful: 3, Failed: 0
2025-06-05 13:28:49,926 - INFO - Configuration loaded successfully
2025-06-05 13:28:49,930 - INFO - Configuration loaded successfully
2025-06-05 13:28:49,943 - ERROR - Error loading employee data: Missing required columns: ['empid', 'first_name', 'second_name', 'dob', 'department']
2025-06-05 13:28:49,948 - INFO - Configuration loaded successfully
2025-06-05 13:28:49,972 - INFO - Loaded 5 employee records
2025-06-05 13:28:49,977 - INFO - Configuration loaded successfully
2025-06-05 13:28:49,978 - INFO - Configuration loaded successfully
2025-06-05 13:28:49,979 - ERROR - Error loading employee data: CSV file not found: nonexistent.csv
2025-06-05 13:28:49,986 - INFO - Configuration loaded successfully
2025-06-05 13:28:49,992 - INFO - Loaded 5 employee records
2025-06-05 13:28:49,993 - INFO - Found 1 employees with birthdays on 2025-06-06
2025-06-05 13:28:49,997 - INFO - Configuration loaded successfully
2025-06-05 13:28:50,003 - INFO - Loaded 5 employee records
2025-06-05 13:28:50,003 - INFO - Found 2 employees with birthdays on 2025-06-05
2025-06-05 13:28:50,006 - INFO - Configuration loaded successfully
2025-06-05 13:28:50,035 - INFO - Fonts loaded successfully
2025-06-05 13:28:50,084 - INFO - Base birthday image created successfully
2025-06-05 13:28:50,087 - INFO - Configuration loaded successfully
2025-06-05 13:28:50,092 - INFO - Fonts loaded successfully
2025-06-05 13:28:50,110 - INFO - Base birthday image created successfully
2025-06-05 13:28:50,117 - INFO - Configuration loaded successfully
2025-06-05 13:28:50,122 - INFO - Fonts loaded successfully
2025-06-05 13:28:50,125 - INFO - Configuration loaded successfully
2025-06-05 13:28:50,128 - INFO - Configuration loaded successfully
2025-06-05 13:28:50,137 - INFO - Fonts loaded successfully
2025-06-05 13:28:50,155 - INFO - Base birthday image created successfully
2025-06-05 13:28:50,174 - INFO - Birthday email sent successfully to Alice Test (alice@test.com)
2025-06-05 13:28:50,178 - INFO - Configuration loaded successfully
2025-06-05 13:28:50,185 - INFO - Fonts loaded successfully
2025-06-05 13:28:50,202 - INFO - Base birthday image created successfully
2025-06-05 13:28:50,220 - INFO - Image saved: C:\Users\ADMINI~1\AppData\Local\Temp\tmp31goe5vc\output\birthday_TEST001_Alice_Test_20250605.png
2025-06-05 13:28:50,224 - INFO - Configuration loaded successfully
2025-06-05 13:28:50,225 - INFO - Starting birthday processing...
2025-06-05 13:28:50,230 - INFO - Loaded 5 employee records
2025-06-05 13:28:50,231 - INFO - Found 2 employees with birthdays on 2025-06-05
2025-06-05 13:28:50,231 - INFO - Creating base birthday image template...
2025-06-05 13:28:50,237 - INFO - Fonts loaded successfully
2025-06-05 13:28:50,255 - INFO - Base birthday image created successfully
2025-06-05 13:28:50,255 - INFO - Processing birthday for Alice Johnson (ID: EMP001, Dept: Engineering)
2025-06-05 13:28:50,287 - INFO - Image saved: C:\Users\ADMINI~1\AppData\Local\Temp\tmpnd0q7v64\output\birthday_EMP001_Alice_Johnson_20250605.png
2025-06-05 13:28:50,288 - INFO - Processing birthday for David Wilson (ID: EMP004, Dept: Engineering)
2025-06-05 13:28:50,321 - INFO - Image saved: C:\Users\ADMINI~1\AppData\Local\Temp\tmpnd0q7v64\output\birthday_EMP004_David_Wilson_20250605.png
2025-06-05 13:28:50,321 - INFO - Birthday processing completed. Results: {'processed': 2, 'successful': 2, 'failed': 0}
2025-06-05 13:28:50,325 - INFO - Configuration loaded successfully
2025-06-05 13:28:50,327 - INFO - Configuration loaded successfully
2025-06-05 13:28:50,327 - INFO - Starting birthday processing...
2025-06-05 13:28:50,331 - INFO - Loaded 1 employee records
2025-06-05 13:28:50,331 - INFO - Found 0 employees with birthdays on 2025-06-05
2025-06-05 13:28:50,331 - INFO - No birthdays today!
2025-06-05 13:28:50,337 - INFO - Configuration loaded successfully
2025-06-05 13:28:50,341 - INFO - Fonts loaded successfully
2025-06-05 13:28:50,360 - INFO - Base birthday image created successfully
